SF:lib\data\api\api_service.dart
DA:11,1
DA:13,1
DA:14,5
DA:15,2
DA:16,3
DA:18,0
DA:22,1
DA:24,5
DA:26,2
DA:27,3
DA:29,0
DA:33,1
DA:35,5
DA:37,2
DA:38,3
DA:40,0
LF:16
LH:13
end_of_record
SF:lib\data\model\detail.dart
DA:4,2
DA:14,4
DA:15,2
DA:16,2
DA:17,4
DA:20,1
DA:21,4
DA:25,2
DA:47,4
DA:48,2
DA:49,2
DA:50,2
DA:51,2
DA:52,2
DA:53,2
DA:55,10
DA:56,4
DA:57,4
DA:60,1
DA:61,1
DA:62,1
DA:63,1
DA:64,1
DA:65,1
DA:66,1
DA:67,1
DA:68,1
DA:69,1
DA:70,1
DA:75,2
DA:81,4
DA:82,2
DA:85,1
DA:86,2
DA:90,2
DA:98,4
DA:99,10
DA:100,10
DA:103,1
DA:104,3
LF:40
LH:40
end_of_record
SF:lib\data\model\restaurant.dart
DA:4,2
DA:16,2
DA:17,2
DA:18,2
DA:19,2
DA:20,2
DA:21,2
DA:22,8
DA:25,0
DA:26,0
DA:27,0
DA:28,0
DA:29,0
DA:32,1
DA:33,5
DA:37,1
DA:47,2
DA:48,1
DA:49,1
DA:50,1
DA:51,4
DA:54,1
DA:55,4
DA:59,5
DA:75,4
DA:76,2
DA:77,2
DA:78,2
DA:79,2
DA:80,2
DA:81,4
DA:84,0
DA:85,0
DA:86,0
DA:87,0
DA:88,0
DA:89,0
DA:90,0
DA:93,0
DA:104,1
DA:105,7
LF:41
LH:28
end_of_record
SF:lib\data\preferences\preferences_helper.dart
DA:7,1
DA:10,1
DA:11,2
DA:12,1
DA:15,1
DA:16,2
DA:17,1
DA:20,1
DA:21,2
DA:22,1
DA:25,1
DA:26,2
DA:27,1
LF:13
LH:13
end_of_record
SF:lib\provider\restaurant_provider.dart
DA:12,1
DA:13,1
DA:14,2
DA:15,1
DA:16,0
DA:18,1
DA:30,0
DA:32,0
DA:34,2
DA:36,2
DA:38,0
DA:40,0
DA:42,1
DA:44,1
DA:45,1
DA:46,3
DA:48,2
DA:49,0
DA:50,0
DA:51,0
DA:53,1
DA:54,1
DA:55,2
DA:56,1
DA:59,0
DA:60,0
DA:61,0
DA:65,0
DA:67,0
DA:68,0
DA:69,0
DA:71,0
DA:72,0
DA:73,0
DA:74,0
DA:76,0
DA:77,0
DA:78,0
DA:81,0
DA:82,0
DA:83,0
DA:87,1
DA:89,4
DA:91,2
DA:92,1
DA:94,0
DA:95,0
DA:98,0
DA:99,0
DA:100,0
LF:50
LH:20
end_of_record
SF:lib\utils\result_state.dart
DA:2,1
LF:1
LH:1
end_of_record
SF:./lib\data\api\api_service.dart
DA:11,1
DA:13,1
DA:14,5
DA:15,2
DA:16,3
DA:18,0
DA:22,1
DA:24,5
DA:26,2
DA:27,3
DA:29,0
DA:33,1
DA:35,5
DA:37,2
DA:38,3
DA:40,0
LF:16
LH:13
end_of_record
SF:./lib\data\model\detail.dart
DA:4,2
DA:14,4
DA:15,2
DA:16,2
DA:17,4
DA:20,1
DA:21,4
DA:25,2
DA:47,4
DA:48,2
DA:49,2
DA:50,2
DA:51,2
DA:52,2
DA:53,2
DA:55,10
DA:56,4
DA:57,4
DA:60,1
DA:61,1
DA:62,1
DA:63,1
DA:64,1
DA:65,1
DA:66,1
DA:67,1
DA:68,1
DA:69,1
DA:70,1
DA:75,2
DA:81,4
DA:82,2
DA:85,1
DA:86,2
DA:90,2
DA:98,4
DA:99,10
DA:100,10
DA:103,1
DA:104,3
LF:40
LH:40
end_of_record
SF:./lib\data\model\restaurant.dart
DA:4,2
DA:16,2
DA:17,2
DA:18,2
DA:19,2
DA:20,2
DA:21,2
DA:22,8
DA:25,0
DA:26,0
DA:27,0
DA:28,0
DA:29,0
DA:32,1
DA:33,5
DA:37,1
DA:47,2
DA:48,1
DA:49,1
DA:50,1
DA:51,4
DA:54,1
DA:55,4
DA:59,5
DA:75,4
DA:76,2
DA:77,2
DA:78,2
DA:79,2
DA:80,2
DA:81,4
DA:84,0
DA:85,0
DA:86,0
DA:87,0
DA:88,0
DA:89,0
DA:90,0
DA:93,0
DA:104,1
DA:105,7
LF:41
LH:28
end_of_record
SF:./lib\data\preferences\preferences_helper.dart
DA:7,1
DA:10,1
DA:11,2
DA:12,1
DA:15,1
DA:16,2
DA:17,1
DA:20,1
DA:21,2
DA:22,1
DA:25,1
DA:26,2
DA:27,1
LF:13
LH:13
end_of_record
SF:./lib\provider\restaurant_provider.dart
DA:12,1
DA:13,1
DA:14,2
DA:15,1
DA:16,0
DA:18,1
DA:30,0
DA:32,0
DA:34,2
DA:36,2
DA:38,0
DA:40,0
DA:42,1
DA:44,1
DA:45,1
DA:46,3
DA:48,2
DA:49,0
DA:50,0
DA:51,0
DA:53,1
DA:54,1
DA:55,2
DA:56,1
DA:59,0
DA:60,0
DA:61,0
DA:65,0
DA:67,0
DA:68,0
DA:69,0
DA:71,0
DA:72,0
DA:73,0
DA:74,0
DA:76,0
DA:77,0
DA:78,0
DA:81,0
DA:82,0
DA:83,0
DA:87,1
DA:89,4
DA:91,2
DA:92,1
DA:94,0
DA:95,0
DA:98,0
DA:99,0
DA:100,0
LF:50
LH:20
end_of_record
SF:./lib\utils\result_state.dart
DA:2,1
LF:1
LH:1
end_of_record
